Deleting the old ./updater.log file...
[INFO] Reading geoip tags from /docker/mosdns/data/module_set.yaml...
[INFO] Reading geosite tags from /docker/mosdns/data/module_set.yaml...
[NOTICE] GEOIP_TAGS: cn cloudflare fastly cloudfront private
[NOTICE] GEOSITE_TAGS: win-update category-games@cn category-public-tracker cloudflare googlefcm category-games gfw tld-cn china-list private
[NOTICE] check geoip sha256
[NOTICE] get geoip sha256 successfully!
[NOTICE] geoip is up to date!
[NOTICE] geoip need update, download geoip data file
[NOTICE] download geoip
[WARNING] get geoip failed! please check your network!
[NOTICE] unpack geoip
[NOTICE] check geosite sha256
[NOTICE] get geosite sha256 successfully!
[NOTICE] geosite is up to date!
[NOTICE] geosite need update, download geosite data file
[NOTICE] download geosite
[NOTICE] get geosite successfully!
[NOTICE] unpack geosite
[NOTICE] copy geo files to geo_set
[NOTICE] restart mosdns...
2024-12-27 00:00:22: updater finished!
===============================================



===============================================
2024-12-27 12:00:00: starting updater...
[INFO] Reading geoip tags from /docker/mosdns/data/module_set.yaml...
[INFO] Reading geosite tags from /docker/mosdns/data/module_set.yaml...
[NOTICE] GEOIP_TAGS: cn cloudflare fastly cloudfront private
[NOTICE] GEOSITE_TAGS: win-update category-games@cn category-public-tracker cloudflare googlefcm category-games gfw tld-cn china-list private
[NOTICE] check geoip sha256
[NOTICE] get geoip sha256 successfully!
[NOTICE] geoip is up to date!
[NOTICE] geoip need update, download geoip data file
[NOTICE] download geoip
[NOTICE] get geoip successfully!
[NOTICE] unpack geoip
[NOTICE] check geosite sha256
[NOTICE] get geosite sha256 successfully!
[NOTICE] geosite is not up to date!
[NOTICE] geosite don't need update
[NOTICE] unpack geosite
[NOTICE] copy geo files to geo_set
[NOTICE] restart mosdns...
2024-12-27 12:00:23: updater finished!
===============================================



===============================================
2024-12-28 00:00:00: starting updater...
[INFO] Reading geoip tags from /docker/mosdns/data/module_set.yaml...
[INFO] Reading geosite tags from /docker/mosdns/data/module_set.yaml...
[NOTICE] GEOIP_TAGS: cn cloudflare fastly cloudfront private
[NOTICE] GEOSITE_TAGS: win-update category-games@cn category-public-tracker cloudflare googlefcm category-games gfw tld-cn china-list private
[NOTICE] check geoip sha256
[NOTICE] get geoip sha256 successfully!
[NOTICE] geoip is not up to date!
[NOTICE] geoip don't need update
[NOTICE] unpack geoip
[NOTICE] check geosite sha256
[WARNING] get geosite sha256 failed!
[NOTICE] geosite need update, download geosite data file
[NOTICE] download geosite
[NOTICE] get geosite successfully!
[NOTICE] unpack geosite
[NOTICE] copy geo files to geo_set
[NOTICE] restart mosdns...
2024-12-28 00:00:21: updater finished!
===============================================



===============================================
2024-12-28 12:00:01: starting updater...
[INFO] Reading geoip tags from /docker/mosdns/data/module_set.yaml...
[INFO] Reading geosite tags from /docker/mosdns/data/module_set.yaml...
[NOTICE] GEOIP_TAGS: cn cloudflare fastly cloudfront private
[NOTICE] GEOSITE_TAGS: win-update category-games@cn category-public-tracker cloudflare googlefcm category-games gfw tld-cn china-list private
[NOTICE] check geoip sha256
[NOTICE] get geoip sha256 successfully!
[NOTICE] geoip is not up to date!
[NOTICE] geoip don't need update
[NOTICE] unpack geoip
[NOTICE] check geosite sha256
[NOTICE] get geosite sha256 successfully!
[NOTICE] geosite is not up to date!
[NOTICE] geosite don't need update
[NOTICE] unpack geosite
[NOTICE] copy geo files to geo_set
[NOTICE] restart mosdns...
2024-12-28 12:00:17: updater finished!
===============================================



===============================================
2024-12-29 00:00:00: starting updater...
[INFO] Reading geoip tags from /docker/mosdns/data/module_set.yaml...
[INFO] Reading geosite tags from /docker/mosdns/data/module_set.yaml...
[NOTICE] GEOIP_TAGS: cn cloudflare fastly cloudfront private
[NOTICE] GEOSITE_TAGS: win-update category-games@cn category-public-tracker cloudflare googlefcm category-games gfw tld-cn china-list private
[NOTICE] check geoip sha256
[NOTICE] get geoip sha256 successfully!
[NOTICE] geoip is not up to date!
[NOTICE] geoip don't need update
[NOTICE] unpack geoip
[NOTICE] check geosite sha256
[WARNING] get geosite sha256 failed!
[NOTICE] geosite need update, download geosite data file
[NOTICE] download geosite
[NOTICE] get geosite successfully!
[NOTICE] unpack geosite
[NOTICE] copy geo files to geo_set
[NOTICE] restart mosdns...
2024-12-29 00:00:19: updater finished!
===============================================



===============================================
2024-12-29 12:00:00: starting updater...
[INFO] Reading geoip tags from /docker/mosdns/data/module_set.yaml...
[INFO] Reading geosite tags from /docker/mosdns/data/module_set.yaml...
[NOTICE] GEOIP_TAGS: cn cloudflare fastly cloudfront private
[NOTICE] GEOSITE_TAGS: win-update category-games@cn category-public-tracker cloudflare googlefcm category-games gfw tld-cn china-list private
[NOTICE] check geoip sha256
[NOTICE] get geoip sha256 successfully!
[NOTICE] geoip is not up to date!
[NOTICE] geoip don't need update
[NOTICE] unpack geoip
[NOTICE] check geosite sha256
[NOTICE] get geosite sha256 successfully!
[NOTICE] geosite is not up to date!
[NOTICE] geosite don't need update
[NOTICE] unpack geosite
[NOTICE] copy geo files to geo_set
[NOTICE] restart mosdns...
2024-12-29 12:00:18: updater finished!
===============================================



===============================================
2024-12-30 00:00:00: starting updater...
[INFO] Reading geoip tags from /docker/mosdns/data/module_set.yaml...
[INFO] Reading geosite tags from /docker/mosdns/data/module_set.yaml...
[NOTICE] GEOIP_TAGS: cn cloudflare fastly cloudfront private
[NOTICE] GEOSITE_TAGS: win-update category-games@cn category-public-tracker cloudflare googlefcm category-games gfw tld-cn china-list private
[NOTICE] check geoip sha256
[NOTICE] get geoip sha256 successfully!
[NOTICE] geoip is not up to date!
[NOTICE] geoip don't need update
[NOTICE] unpack geoip
[NOTICE] check geosite sha256
[NOTICE] get geosite sha256 successfully!
[NOTICE] geosite is up to date!
[NOTICE] geosite need update, download geosite data file
[NOTICE] download geosite
[NOTICE] get geosite successfully!
[NOTICE] unpack geosite
[NOTICE] copy geo files to geo_set
[NOTICE] restart mosdns...
2024-12-30 00:00:24: updater finished!
===============================================



===============================================
2024-12-30 12:00:00: starting updater...
[INFO] Reading geoip tags from /docker/mosdns/data/module_set.yaml...
[INFO] Reading geosite tags from /docker/mosdns/data/module_set.yaml...
[NOTICE] GEOIP_TAGS: cn cloudflare fastly cloudfront private
[NOTICE] GEOSITE_TAGS: win-update category-games@cn category-public-tracker cloudflare googlefcm category-games gfw tld-cn china-list private
[NOTICE] check geoip sha256
[NOTICE] get geoip sha256 successfully!
[NOTICE] geoip is not up to date!
[NOTICE] geoip don't need update
[NOTICE] unpack geoip
[NOTICE] check geosite sha256
[WARNING] get geosite sha256 failed!
[NOTICE] geosite need update, download geosite data file
[NOTICE] download geosite
[NOTICE] get geosite successfully!
[NOTICE] unpack geosite
[NOTICE] copy geo files to geo_set
[NOTICE] restart mosdns...
2024-12-30 12:00:24: updater finished!
===============================================



===============================================
2024-12-31 00:00:01: starting updater...
[INFO] Reading geoip tags from /docker/mosdns/data/module_set.yaml...
[INFO] Reading geosite tags from /docker/mosdns/data/module_set.yaml...
[NOTICE] GEOIP_TAGS: cn cloudflare fastly cloudfront private
[NOTICE] GEOSITE_TAGS: win-update category-games@cn category-public-tracker cloudflare googlefcm category-games gfw tld-cn china-list private
[NOTICE] check geoip sha256
[NOTICE] get geoip sha256 successfully!
[NOTICE] geoip is not up to date!
[NOTICE] geoip don't need update
[NOTICE] unpack geoip
[NOTICE] check geosite sha256
[NOTICE] get geosite sha256 successfully!
[NOTICE] geosite is up to date!
[NOTICE] geosite need update, download geosite data file
[NOTICE] download geosite
[NOTICE] get geosite successfully!
[NOTICE] unpack geosite
[NOTICE] copy geo files to geo_set
[NOTICE] restart mosdns...
2024-12-31 00:00:25: updater finished!
===============================================



===============================================
2024-12-31 12:00:00: starting updater...
[INFO] Reading geoip tags from /docker/mosdns/data/module_set.yaml...
[INFO] Reading geosite tags from /docker/mosdns/data/module_set.yaml...
[NOTICE] GEOIP_TAGS: cn cloudflare fastly cloudfront private
[NOTICE] GEOSITE_TAGS: win-update category-games@cn category-public-tracker cloudflare googlefcm category-games gfw tld-cn china-list private
[NOTICE] check geoip sha256
[NOTICE] get geoip sha256 successfully!
[NOTICE] geoip is not up to date!
[NOTICE] geoip don't need update
[NOTICE] unpack geoip
[NOTICE] check geosite sha256
[NOTICE] get geosite sha256 successfully!
[NOTICE] geosite is not up to date!
[NOTICE] geosite don't need update
[NOTICE] unpack geosite
[NOTICE] copy geo files to geo_set
[NOTICE] restart mosdns...
2024-12-31 12:00:20: updater finished!
===============================================



===============================================
2025-01-01 00:00:00: starting updater...
[INFO] Reading geoip tags from /docker/mosdns/data/module_set.yaml...
[INFO] Reading geosite tags from /docker/mosdns/data/module_set.yaml...
[NOTICE] GEOIP_TAGS: cn cloudflare fastly cloudfront private
[NOTICE] GEOSITE_TAGS: win-update category-games@cn category-public-tracker cloudflare googlefcm category-games gfw tld-cn china-list private
[NOTICE] check geoip sha256
[NOTICE] get geoip sha256 successfully!
[NOTICE] geoip is not up to date!
[NOTICE] geoip don't need update
[NOTICE] unpack geoip
[NOTICE] check geosite sha256
[NOTICE] get geosite sha256 successfully!
[NOTICE] geosite is up to date!
[NOTICE] geosite need update, download geosite data file
[NOTICE] download geosite
[NOTICE] get geosite successfully!
[NOTICE] unpack geosite
[NOTICE] copy geo files to geo_set
[NOTICE] restart mosdns...
2025-01-01 00:00:22: updater finished!
===============================================



===============================================
2025-01-01 12:00:00: starting updater...
[INFO] Reading geoip tags from /docker/mosdns/data/module_set.yaml...
[INFO] Reading geosite tags from /docker/mosdns/data/module_set.yaml...
[NOTICE] GEOIP_TAGS: cn cloudflare fastly cloudfront private
[NOTICE] GEOSITE_TAGS: win-update category-games@cn category-public-tracker cloudflare googlefcm category-games gfw tld-cn china-list private
[NOTICE] check geoip sha256
[NOTICE] get geoip sha256 successfully!
[NOTICE] geoip is not up to date!
[NOTICE] geoip don't need update
[NOTICE] unpack geoip
[NOTICE] check geosite sha256
[WARNING] get geosite sha256 failed!
[NOTICE] geosite need update, download geosite data file
[NOTICE] download geosite
[NOTICE] get geosite successfully!
[NOTICE] unpack geosite
[NOTICE] copy geo files to geo_set
[NOTICE] restart mosdns...
2025-01-01 12:00:21: updater finished!
===============================================



